<?xml version="1.0" encoding="UTF-8"?>
<!-- Generated by org.testng.reporters.JUnitReportReporter -->
<testsuite hostname="DESKTOP-APBBKRJ" failures="0" tests="2" name="cucumberOptions.TestNGRunner" time="0.226" errors="0" timestamp="2024-04-12T21:44:17 PDT" skipped="0">
  <testcase classname="cucumberOptions.TestNGRunner" name="runScenario" time="0.023"/>
  <testcase classname="cucumberOptions.TestNGRunner" name="runScenario" time="0.203"/>
</testsuite> <!-- cucumberOptions.TestNGRunner -->
