<?xml version="1.0" encoding="UTF-8"?>
<!-- Generated by org.testng.reporters.JUnitReportReporter -->
<testsuite hostname="DESKTOP-APBBKRJ" failures="0" tests="7" name="cucumberOptions.TestNGRunner" time="0.464" errors="0" timestamp="2024-04-06T06:14:53 PDT" skipped="0">
  <testcase classname="cucumberOptions.TestNGRunner" name="runScenario" time="0.099"/>
  <testcase classname="cucumberOptions.TestNGRunner" name="runScenario" time="0.015"/>
  <testcase classname="cucumberOptions.TestNGRunner" name="runScenario" time="0.037"/>
  <testcase classname="cucumberOptions.TestNGRunner" name="runScenario" time="0.036"/>
  <testcase classname="cucumberOptions.TestNGRunner" name="runScenario" time="0.035"/>
  <testcase classname="cucumberOptions.TestNGRunner" name="runScenario" time="0.224"/>
  <testcase classname="cucumberOptions.TestNGRunner" name="runScenario" time="0.018"/>
</testsuite> <!-- cucumberOptions.TestNGRunner -->
